<?xml version="1.0" encoding="UTF-8"?>
<!-- Generated by org.testng.reporters.JUnitReportReporter -->
<testsuite hostname="LAPTOP-SQN05NQ4" failures="0" tests="6" name="com.qa.opencart.test.ProductPageInfoTest" time="37.958" errors="0" timestamp="2023-10-30T19:16:27 IST" skipped="0">
  <testcase classname="com.qa.opencart.test.ProductPageInfoTest" name="productImagesCountTest" time="10.456"/>
  <system-out/>
  <testcase classname="com.qa.opencart.test.ProductPageInfoTest" name="productInfoPage" time="5.747"/>
  <system-out/>
  <testcase classname="com.qa.opencart.test.ProductPageInfoTest" name="productImagesCountTest" time="6.408"/>
  <system-out/>
  <testcase classname="com.qa.opencart.test.ProductPageInfoTest" name="productImagesCountTest" time="3.385"/>
  <system-out/>
  <testcase classname="com.qa.opencart.test.ProductPageInfoTest" name="addToCartTest" time="7.290"/>
  <system-out/>
  <testcase classname="com.qa.opencart.test.ProductPageInfoTest" name="productImagesCountTest" time="4.672"/>
  <system-out/>
</testsuite> <!-- com.qa.opencart.test.ProductPageInfoTest -->
