<?xml version="1.0" encoding="UTF-8"?>
<!-- Generated by org.testng.reporters.JUnitReportReporter -->
<testsuite hostname="LAPTOP-SQN05NQ4" failures="0" tests="3" name="com.qa.opencart.test.RegisterPageTest" time="41.476" errors="0" timestamp="2023-10-30T19:16:27 IST" skipped="0">
  <testcase classname="com.qa.opencart.test.RegisterPageTest" name="userRegTest" time="16.610"/>
  <system-out/>
  <testcase classname="com.qa.opencart.test.RegisterPageTest" name="userRegTest" time="12.118"/>
  <system-out/>
  <testcase classname="com.qa.opencart.test.RegisterPageTest" name="userRegTest" time="12.748"/>
  <system-out/>
</testsuite> <!-- com.qa.opencart.test.RegisterPageTest -->
