<?xml version="1.0" encoding="UTF-8"?>
<!-- Generated by org.testng.reporters.JUnitReportReporter -->
<testsuite hostname="LAPTOP-SQN05NQ4" failures="0" tests="6" name="com.qa.opencart.test.ProductPageInfoTest" time="54.696" errors="0" timestamp="2023-10-25T21:41:05 IST" skipped="0">
  <testcase classname="com.qa.opencart.test.ProductPageInfoTest" name="productImagesCountTest" time="7.218"/>
  <system-out/>
  <testcase classname="com.qa.opencart.test.ProductPageInfoTest" name="productImagesCountTest" time="13.627"/>
  <system-out/>
  <testcase classname="com.qa.opencart.test.ProductPageInfoTest" name="addToCartTest" time="12.047"/>
  <system-out/>
  <testcase classname="com.qa.opencart.test.ProductPageInfoTest" name="productImagesCountTest" time="6.393"/>
  <system-out/>
  <testcase classname="com.qa.opencart.test.ProductPageInfoTest" name="productImagesCountTest" time="6.723"/>
  <system-out/>
  <testcase classname="com.qa.opencart.test.ProductPageInfoTest" name="productInfoPage" time="8.688"/>
  <system-out/>
</testsuite> <!-- com.qa.opencart.test.ProductPageInfoTest -->
