<?xml version="1.0" encoding="UTF-8"?>
<!-- Generated by org.testng.reporters.JUnitReportReporter -->
<testsuite hostname="LAPTOP-SQN05NQ4" failures="0" tests="6" name="com.qa.opencart.test.ProductPageInfoTest" time="23.458" errors="0" timestamp="2023-11-28T11:38:34 IST" skipped="0">
  <testcase classname="com.qa.opencart.test.ProductPageInfoTest" name="addToCartTest" time="5.684"/>
  <system-out/>
  <testcase classname="com.qa.opencart.test.ProductPageInfoTest" name="productImagesCountTest" time="3.982"/>
  <system-out/>
  <testcase classname="com.qa.opencart.test.ProductPageInfoTest" name="productImagesCountTest" time="2.817"/>
  <system-out/>
  <testcase classname="com.qa.opencart.test.ProductPageInfoTest" name="productInfoPage" time="4.246"/>
  <system-out/>
  <testcase classname="com.qa.opencart.test.ProductPageInfoTest" name="productImagesCountTest" time="3.145"/>
  <system-out/>
  <testcase classname="com.qa.opencart.test.ProductPageInfoTest" name="productImagesCountTest" time="3.584"/>
  <system-out/>
</testsuite> <!-- com.qa.opencart.test.ProductPageInfoTest -->
