<?xml version="1.0" encoding="UTF-8"?>
<!-- Generated by org.testng.reporters.JUnitReportReporter -->
<testsuite hostname="LAPTOP-SQN05NQ4" failures="0" tests="14" name="com.qa.opencart.test.AccountsPageTest" time="45.906" errors="0" timestamp="2023-11-28T11:38:34 IST" skipped="0">
  <testcase classname="com.qa.opencart.test.AccountsPageTest" name="searchProductTest" time="7.093"/>
  <system-out/>
  <testcase classname="com.qa.opencart.test.AccountsPageTest" name="searchProductTest" time="7.489"/>
  <system-out/>
  <testcase classname="com.qa.opencart.test.AccountsPageTest" name="searchProductTest" time="10.475"/>
  <system-out/>
  <testcase classname="com.qa.opencart.test.AccountsPageTest" name="searchProductCountTest" time="2.784"/>
  <system-out/>
  <testcase classname="com.qa.opencart.test.AccountsPageTest" name="searchProductCountTest" time="2.550"/>
  <system-out/>
  <testcase classname="com.qa.opencart.test.AccountsPageTest" name="accPageTitleTest" time="0.016"/>
  <system-out/>
  <testcase classname="com.qa.opencart.test.AccountsPageTest" name="isLogoutLinkExistTest" time="0.056"/>
  <system-out/>
  <testcase classname="com.qa.opencart.test.AccountsPageTest" name="accHeadersValueTest" time="0.094"/>
  <system-out/>
  <testcase classname="com.qa.opencart.test.AccountsPageTest" name="searchProductCountTest" time="2.404"/>
  <system-out/>
  <testcase classname="com.qa.opencart.test.AccountsPageTest" name="searchProductTest" time="4.833"/>
  <system-out/>
  <testcase classname="com.qa.opencart.test.AccountsPageTest" name="searchProductCountTest" time="2.419"/>
  <system-out/>
  <testcase classname="com.qa.opencart.test.AccountsPageTest" name="accHeadersCountTest" time="0.132"/>
  <system-out/>
  <testcase classname="com.qa.opencart.test.AccountsPageTest" name="accPageUrlTest" time="0.015"/>
  <system-out/>
  <testcase classname="com.qa.opencart.test.AccountsPageTest" name="searchProductTest" time="5.546"/>
  <system-out/>
</testsuite> <!-- com.qa.opencart.test.AccountsPageTest -->
