<?xml version="1.0" encoding="UTF-8"?>
<!-- Generated by org.testng.reporters.JUnitReportReporter -->
<testsuite hostname="LAPTOP-SQN05NQ4" failures="0" tests="3" name="com.qa.opencart.test.RegisterPageTest" time="31.582" errors="0" timestamp="2023-11-28T11:38:34 IST" skipped="0">
  <testcase classname="com.qa.opencart.test.RegisterPageTest" name="userRegTest" time="10.367"/>
  <system-out/>
  <testcase classname="com.qa.opencart.test.RegisterPageTest" name="userRegTest" time="10.879"/>
  <system-out/>
  <testcase classname="com.qa.opencart.test.RegisterPageTest" name="userRegTest" time="10.336"/>
  <system-out/>
</testsuite> <!-- com.qa.opencart.test.RegisterPageTest -->
